2018-01-10 09:15:09.708  INFO 4788 --- [main] c.y.Application                          : Starting Application on DESKTOP-VGD97D0 with PID 4788 (D:\WorkSpace\Backstage\ymy\target\classes started by Prosperous in D:\WorkSpace\Backstage\ymy)
2018-01-10 09:15:09.712  INFO 4788 --- [main] c.y.Application                          : The following profiles are active: log,datasource
2018-01-10 09:15:09.779  INFO 4788 --- [main] ationConfigEmbeddedWebApplicationContext : Refreshing org.springframework.boot.context.embedded.AnnotationConfigEmbeddedWebApplicationContext@665df3c6: startup date [Wed Jan 10 09:15:09 CST 2018]; root of context hierarchy
2018-01-10 09:15:10.818  INFO 4788 --- [main] trationDelegate$BeanPostProcessorChecker : Bean 'com.alibaba.druid.spring.boot.autoconfigure.stat.DruidSpringAopConfiguration' of type [com.alibaba.druid.spring.boot.autoconfigure.stat.DruidSpringAopConfiguration] is not eligible for getting processed by all BeanPostProcessors (for example: not eligible for auto-proxying)
2018-01-10 09:15:10.849  INFO 4788 --- [main] trationDelegate$BeanPostProcessorChecker : Bean 'org.springframework.transaction.annotation.ProxyTransactionManagementConfiguration' of type [org.springframework.transaction.annotation.ProxyTransactionManagementConfiguration$$EnhancerBySpringCGLIB$$1bc0f32f] is not eligible for getting processed by all BeanPostProcessors (for example: not eligible for auto-proxying)
2018-01-10 09:15:10.959  INFO 4788 --- [main] trationDelegate$BeanPostProcessorChecker : Bean 'spring.datasource.druid-com.alibaba.druid.spring.boot.autoconfigure.properties.DruidStatProperties' of type [com.alibaba.druid.spring.boot.autoconfigure.properties.DruidStatProperties] is not eligible for getting processed by all BeanPostProcessors (for example: not eligible for auto-proxying)
2018-01-10 09:15:10.974  INFO 4788 --- [main] trationDelegate$BeanPostProcessorChecker : Bean 'advisor' of type [org.springframework.aop.support.RegexpMethodPointcutAdvisor] is not eligible for getting processed by all BeanPostProcessors (for example: not eligible for auto-proxying)
2018-01-10 09:15:11.326  INFO 4788 --- [main] s.b.c.e.t.TomcatEmbeddedServletContainer : Tomcat initialized with port(s): 8080 (http)
2018-01-10 09:15:11.341  INFO 4788 --- [main] o.a.c.c.StandardService                  : Starting service [Tomcat]
2018-01-10 09:15:11.341  INFO 4788 --- [main] o.a.c.c.StandardEngine                   : Starting Servlet Engine: Apache Tomcat/8.5.23
2018-01-10 09:15:11.420  INFO 4788 --- [localhost-startStop-1] o.a.c.c.C.[.[.[/]                        : Initializing Spring embedded WebApplicationContext
2018-01-10 09:15:11.420  INFO 4788 --- [localhost-startStop-1] o.s.w.c.ContextLoader                    : Root WebApplicationContext: initialization completed in 1641 ms
2018-01-10 09:15:11.583  INFO 4788 --- [localhost-startStop-1] o.s.b.w.s.ServletRegistrationBean        : Mapping servlet: 'dispatcherServlet' to [/]
2018-01-10 09:15:11.583  INFO 4788 --- [localhost-startStop-1] o.s.b.w.s.ServletRegistrationBean        : Mapping servlet: 'statViewServlet' to [/druid/*]
2018-01-10 09:15:11.599  INFO 4788 --- [localhost-startStop-1] o.s.b.w.s.FilterRegistrationBean         : Mapping filter: 'characterEncodingFilter' to: [/*]
2018-01-10 09:15:11.599  INFO 4788 --- [localhost-startStop-1] o.s.b.w.s.FilterRegistrationBean         : Mapping filter: 'hiddenHttpMethodFilter' to: [/*]
2018-01-10 09:15:11.599  INFO 4788 --- [localhost-startStop-1] o.s.b.w.s.FilterRegistrationBean         : Mapping filter: 'httpPutFormContentFilter' to: [/*]
2018-01-10 09:15:11.599  INFO 4788 --- [localhost-startStop-1] o.s.b.w.s.FilterRegistrationBean         : Mapping filter: 'requestContextFilter' to: [/*]
2018-01-10 09:15:11.599  INFO 4788 --- [localhost-startStop-1] o.s.b.w.s.FilterRegistrationBean         : Mapping filter: 'webStatFilter' to urls: [/*]
2018-01-10 09:15:11.599  INFO 4788 --- [localhost-startStop-1] o.s.b.w.s.FilterRegistrationBean         : Mapping filter: 'com.ymy.config.MyFilter' to urls: [/*]
2018-01-10 09:15:12.957  INFO 4788 --- [main] s.w.s.m.m.a.RequestMappingHandlerMapping : Mapped "{[/selectAdmin],methods=[GET]}" onto public com.ymy.model.Admin com.ymy.controller.AdminAction.selectAdmin(java.lang.Integer)
2018-01-10 09:15:12.957  INFO 4788 --- [main] s.w.s.m.m.a.RequestMappingHandlerMapping : Mapped "{[/selectAdminAll],methods=[GET]}" onto public com.ymy.util.Result com.ymy.controller.AdminAction.selectAdminAll()
2018-01-10 09:15:12.957  INFO 4788 --- [main] s.w.s.m.m.a.RequestMappingHandlerMapping : Mapped "{[/selectToken],methods=[GET]}" onto public java.lang.String com.ymy.controller.AdminAction.selectToken(java.lang.Integer)
2018-01-10 09:15:12.957  INFO 4788 --- [main] s.w.s.m.m.a.RequestMappingHandlerMapping : Mapped "{[/login],methods=[POST]}" onto public com.ymy.util.Result com.ymy.controller.AdminAction.login(java.lang.String,java.lang.String)
2018-01-10 09:15:12.957  INFO 4788 --- [main] s.w.s.m.m.a.RequestMappingHandlerMapping : Mapped "{[/updateAdmin],methods=[POST]}" onto public com.ymy.util.Result com.ymy.controller.AdminAction.updateAdmin(com.ymy.model.Admin)
2018-01-10 09:15:12.957  INFO 4788 --- [main] s.w.s.m.m.a.RequestMappingHandlerMapping : Mapped "{[/addAdmin],methods=[POST]}" onto public int com.ymy.controller.AdminAction.addAdmin(com.ymy.model.Admin)
2018-01-10 09:15:12.957  INFO 4788 --- [main] s.w.s.m.m.a.RequestMappingHandlerMapping : Mapped "{[/deleteAdmin],methods=[POST]}" onto public int com.ymy.controller.AdminAction.deleteAdmin(java.lang.Integer)
2018-01-10 09:15:12.957  INFO 4788 --- [main] s.w.s.m.m.a.RequestMappingHandlerMapping : Mapped "{[/getProvinces],methods=[GET]}" onto public com.ymy.util.Result com.ymy.controller.AreaAction.getProvinces()
2018-01-10 09:15:12.957  INFO 4788 --- [main] s.w.s.m.m.a.RequestMappingHandlerMapping : Mapped "{[/getAreas],methods=[GET]}" onto public com.ymy.util.Result com.ymy.controller.AreaAction.getAreas(java.lang.Integer)
2018-01-10 09:15:12.957  INFO 4788 --- [main] s.w.s.m.m.a.RequestMappingHandlerMapping : Mapped "{[/getCities],methods=[GET]}" onto public com.ymy.util.Result com.ymy.controller.AreaAction.getCities(java.lang.Integer)
2018-01-10 09:15:12.957  INFO 4788 --- [main] s.w.s.m.m.a.RequestMappingHandlerMapping : Mapped "{[/getStreets],methods=[GET]}" onto public com.ymy.util.Result com.ymy.controller.AreaAction.getStreets(java.lang.Integer)
2018-01-10 09:15:12.957  INFO 4788 --- [main] s.w.s.m.m.a.RequestMappingHandlerMapping : Mapped "{[/swagger-resources]}" onto public org.springframework.http.ResponseEntity<java.util.List<springfox.documentation.swagger.web.SwaggerResource>> springfox.documentation.swagger.web.ApiResourceController.swaggerResources()
2018-01-10 09:15:12.957  INFO 4788 --- [main] s.w.s.m.m.a.RequestMappingHandlerMapping : Mapped "{[/swagger-resources/configuration/ui]}" onto public org.springframework.http.ResponseEntity<springfox.documentation.swagger.web.UiConfiguration> springfox.documentation.swagger.web.ApiResourceController.uiConfiguration()
2018-01-10 09:15:12.973  INFO 4788 --- [main] s.w.s.m.m.a.RequestMappingHandlerMapping : Mapped "{[/swagger-resources/configuration/security]}" onto public org.springframework.http.ResponseEntity<springfox.documentation.swagger.web.SecurityConfiguration> springfox.documentation.swagger.web.ApiResourceController.securityConfiguration()
2018-01-10 09:15:12.973  INFO 4788 --- [main] s.w.s.m.m.a.RequestMappingHandlerMapping : Mapped "{[/error]}" onto public org.springframework.http.ResponseEntity<java.util.Map<java.lang.String, java.lang.Object>> org.springframework.boot.autoconfigure.web.BasicErrorController.error(javax.servlet.http.HttpServletRequest)
2018-01-10 09:15:12.973  INFO 4788 --- [main] s.w.s.m.m.a.RequestMappingHandlerMapping : Mapped "{[/error],produces=[text/html]}" onto public org.springframework.web.servlet.ModelAndView org.springframework.boot.autoconfigure.web.BasicErrorController.errorHtml(javax.servlet.http.HttpServletRequest,javax.servlet.http.HttpServletResponse)
2018-01-10 09:15:13.095  INFO 4788 --- [main] pertySourcedRequestMappingHandlerMapping : Mapped URL path [/v2/api-docs] onto method [public org.springframework.http.ResponseEntity<springfox.documentation.spring.web.json.Json> springfox.documentation.swagger2.web.Swagger2Controller.getDocumentation(java.lang.String,javax.servlet.http.HttpServletRequest)]
2018-01-10 09:15:13.439  INFO 4788 --- [main] s.w.s.m.m.a.RequestMappingHandlerAdapter : Looking for @ControllerAdvice: org.springframework.boot.context.embedded.AnnotationConfigEmbeddedWebApplicationContext@665df3c6: startup date [Wed Jan 10 09:15:09 CST 2018]; root of context hierarchy
2018-01-10 09:15:13.501  INFO 4788 --- [main] o.s.w.s.h.SimpleUrlHandlerMapping        : Mapped URL path [/webjars/**] onto handler of type [class org.springframework.web.servlet.resource.ResourceHttpRequestHandler]
2018-01-10 09:15:13.501  INFO 4788 --- [main] o.s.w.s.h.SimpleUrlHandlerMapping        : Mapped URL path [/**] onto handler of type [class org.springframework.web.servlet.resource.ResourceHttpRequestHandler]
2018-01-10 09:15:13.533  INFO 4788 --- [main] o.s.w.s.h.SimpleUrlHandlerMapping        : Mapped URL path [/**/favicon.ico] onto handler of type [class org.springframework.web.servlet.resource.ResourceHttpRequestHandler]
2018-01-10 09:15:13.910  INFO 4788 --- [main] o.s.j.e.a.AnnotationMBeanExporter        : Registering beans for JMX exposure on startup
2018-01-10 09:15:13.910  INFO 4788 --- [main] o.s.j.e.a.AnnotationMBeanExporter        : Bean with name 'statFilter' has been autodetected for JMX exposure
2018-01-10 09:15:13.910  INFO 4788 --- [main] o.s.j.e.a.AnnotationMBeanExporter        : Bean with name 'dataSource' has been autodetected for JMX exposure
2018-01-10 09:15:13.910  INFO 4788 --- [main] o.s.j.e.a.AnnotationMBeanExporter        : Located MBean 'dataSource': registering with JMX server as MBean [com.alibaba.druid.spring.boot.autoconfigure:name=dataSource,type=DruidDataSourceWrapper]
2018-01-10 09:15:13.925  INFO 4788 --- [main] o.s.j.e.a.AnnotationMBeanExporter        : Located MBean 'statFilter': registering with JMX server as MBean [com.alibaba.druid.filter.stat:name=statFilter,type=StatFilter]
2018-01-10 09:15:13.925  INFO 4788 --- [main] o.s.c.s.DefaultLifecycleProcessor        : Starting beans in phase 2147483647
2018-01-10 09:15:13.925  INFO 4788 --- [main] d.s.w.p.DocumentationPluginsBootstrapper : Context refreshed
2018-01-10 09:15:13.941  INFO 4788 --- [main] d.s.w.p.DocumentationPluginsBootstrapper : Found 1 custom documentation plugin(s)
2018-01-10 09:15:13.988  INFO 4788 --- [main] s.d.s.w.s.ApiListingReferenceScanner     : Scanning for api listing references
2018-01-10 09:15:14.170  INFO 4788 --- [main] s.b.c.e.t.TomcatEmbeddedServletContainer : Tomcat started on port(s): 8080 (http)
2018-01-10 09:15:14.185  INFO 4788 --- [main] c.y.Application                          : Started Application in 5.117 seconds (JVM running for 9.078)
2018-01-10 09:15:19.099  INFO 4788 --- [http-nio-8080-exec-1] o.a.c.c.C.[.[.[/]                        : Initializing Spring FrameworkServlet 'dispatcherServlet'
2018-01-10 09:15:19.099  INFO 4788 --- [http-nio-8080-exec-1] o.s.w.s.DispatcherServlet                : FrameworkServlet 'dispatcherServlet': initialization started
2018-01-10 09:15:19.125  INFO 4788 --- [http-nio-8080-exec-1] o.s.w.s.DispatcherServlet                : FrameworkServlet 'dispatcherServlet': initialization completed in 26 ms
2018-01-10 09:15:29.661  INFO 4788 --- [http-nio-8080-exec-2] c.a.d.p.DruidDataSource                  : {dataSource-1} inited
2018-01-10 09:15:30.154 DEBUG 4788 --- [http-nio-8080-exec-2] c.y.m.A.selectAdminAll_COUNT             : ==>  Preparing: SELECT count(0) FROM admin 
2018-01-10 09:15:30.229 DEBUG 4788 --- [http-nio-8080-exec-2] c.y.m.A.selectAdminAll_COUNT             : ==> Parameters: 
2018-01-10 09:15:30.292 DEBUG 4788 --- [http-nio-8080-exec-2] c.y.m.A.selectAdminAll_COUNT             : <==      Total: 1
2018-01-10 09:15:30.297 DEBUG 4788 --- [http-nio-8080-exec-2] c.y.m.A.selectAdminAll                   : ==>  Preparing: select * FROM admin LIMIT ? 
2018-01-10 09:15:30.299 DEBUG 4788 --- [http-nio-8080-exec-2] c.y.m.A.selectAdminAll                   : ==> Parameters: 2(Integer)
2018-01-10 09:15:30.340 DEBUG 4788 --- [http-nio-8080-exec-2] c.y.m.A.selectAdminAll                   : <==      Total: 2
